	2024-06-20 10:06:32,449	INFO	__main__	Opening camera
	2024-06-20 10:06:32,798	INFO	__main__	Успешное подключение камеры.
	2024-06-20 10:06:32,799	INFO	__main__	Инициализация узлов камеры
	2024-06-20 10:06:32,799	DEBUG	__main__	Инициализирован узел: ExposureTime
	2024-06-20 10:06:32,799	DEBUG	__main__	Инициализирован узел: AcquisitionMode
	2024-06-20 10:06:32,799	DEBUG	__main__	Инициализирован узел: AcquisitionFrameCount
	2024-06-20 10:06:32,799	DEBUG	__main__	Инициализирован узел: AcquisitionFrameRate
	2024-06-20 10:06:32,799	DEBUG	__main__	Инициализирован узел: AcquisitionFrameRateEnable
	2024-06-20 10:06:32,800	DEBUG	__main__	Инициализирован узел: ExposureAuto
	2024-06-20 10:06:32,800	DEBUG	__main__	Инициализирован узел: ExposureMode
	2024-06-20 10:06:32,800	DEBUG	__main__	Инициализирован узел: GainRaw
	2024-06-20 10:06:32,800	DEBUG	__main__	Инициализирован узел: BlackLevel
	2024-06-20 10:06:32,800	DEBUG	__main__	Инициализирован узел: BlackLevelAuto
	2024-06-20 10:06:32,800	DEBUG	__main__	Инициализирован узел: Gamma
	2024-06-20 10:06:32,800	DEBUG	__main__	Инициализирован узел: Width
	2024-06-20 10:06:32,801	DEBUG	__main__	Инициализирован узел: Height
	2024-06-20 10:06:32,801	DEBUG	__main__	Инициализирован узел: OffsetX
	2024-06-20 10:06:32,801	DEBUG	__main__	Инициализирован узел: OffsetY
	2024-06-20 10:06:32,801	INFO	__main__	Узлы камеры успешно инициализированы
	2024-06-20 10:06:32,801	INFO	__main__	Камера успешно открыта
	2024-06-20 10:06:32,891	INFO	__main__	Начат захват кадра
	2024-06-20 10:06:32,894	INFO	__main__	Установка режима триггера: Off
	2024-06-20 10:06:32,959	INFO	__main__	Режим триггера установлен успешно
	2024-06-20 10:06:34,004	INFO	__main__	Проверка корректности кадра
	2024-06-20 10:06:34,004	INFO	__main__	Кадр проверен на корректность
	2024-06-20 10:06:34,005	INFO	__main__	Копирование данных изображения
	2024-06-20 10:06:34,009	INFO	__main__	Данные изображения скопированы успешно
	2024-06-20 10:06:34,010	INFO	__main__	Заполнение параметров для конвертации изображения
	2024-06-20 10:06:34,010	INFO	__main__	Параметры для конвертации изображения заполнены успешно
	2024-06-20 10:06:34,010	INFO	__main__	Сохранение изображения в формате BMP
	2024-06-20 10:06:34,028	INFO	__main__	Изображение сохранено в BMP ../image/1.bmp
	2024-06-20 10:06:34,293	INFO	__main__	Захват кадра завершен успешно
